<?xml version="1.0" encoding="utf-8"?><testsuites><testsuite errors="0" failures="0" hostname="JD-DESKTOP" name="pytest" skipped="0" tests="4" time="34.337" timestamp="2020-09-21T09:53:46.008696"><testcase classname="test_HomePage.TestHomePage" file="test_HomePage.py" line="9" name="test_form_submission[get_data0]" time="11.543"></testcase><testcase classname="test_HomePage.TestHomePage" file="test_HomePage.py" line="9" name="test_form_submission[get_data1]" time="3.146"></testcase><testcase classname="test_HomePage.TestHomePage" file="test_HomePage.py" line="9" name="test_form_submission[get_data2]" time="3.593"></testcase><testcase classname="test_e2e.TestOne" file="test_e2e.py" line="6" name="test_e2e" time="16.024"></testcase></testsuite></testsuites>